<?xml version="1.0" encoding="UTF-8"?>
<!-- Generated by org.testng.reporters.JUnitReportReporter -->
<testsuite hostname="Admin-PC" name="githubtest.GitHubTest" tests="1" failures="0" timestamp="21 May 2017 07:43:48 GMT" time="22.619" errors="0">
  <testcase name="logintest" time="22.619" classname="githubtest.GitHubTest"/>
</testsuite> <!-- githubtest.GitHubTest -->
